
=== Sat Feb 13 16:26:27 2021

Packages were changed.
Update Mode: updateDependencies

The following packages were updated:
  com.unity.ide.vscode from version 1.1.4 to 1.2.3
  com.unity.test-framework from version 1.1.11 to 1.1.20

=== Sun Jul 18 21:10:27 2021

Packages were changed.
Update Mode: updateDependencies

The following packages were added:
  com.unity.ide.visualstudio@2.0.2
The following packages were updated:
  com.unity.collab-proxy from version 1.2.16 to 1.3.8
  com.unity.ide.rider from version 1.1.4 to 1.2.1
  com.unity.textmeshpro from version 2.0.1 to 3.0.1

=== Sun Sep  5 18:32:27 2021

Packages were changed.
Update Mode: updateDependencies

The following packages were updated:
  com.unity.cinemachine from version 2.5.0 to 2.7.4
  com.unity.collab-proxy from version 1.3.8 to 1.5.7
  com.unity.ide.rider from version 1.2.1 to 3.0.7
  com.unity.ide.visualstudio from version 2.0.2 to 2.0.9
  com.unity.test-framework from version 1.1.20 to 1.1.27
  com.unity.textmeshpro from version 3.0.1 to 3.0.6
  com.unity.timeline from version 1.2.12 to 1.5.5

=== Sat Jan  4 14:17:32 2025

Packages were changed.
Update Mode: updateDependencies

The following packages were added:
  com.unity.ai.navigation@1.1.4
The following packages were updated:
  com.unity.cinemachine from version 2.7.4 to 2.9.5
  com.unity.collab-proxy from version 1.5.7 to 2.0.7
  com.unity.ide.rider from version 3.0.7 to 3.0.24
  com.unity.ide.visualstudio from version 2.0.9 to 2.0.18
  com.unity.ide.vscode from version 1.2.3 to 1.2.5
  com.unity.test-framework from version 1.1.27 to 1.1.33
  com.unity.timeline from version 1.5.5 to 1.7.5
